2026-01-18T14:33:23.517-03:00  INFO 6088 --- [livrariaapi] [main] i.g.l.l.LivrariaapiApplication           : Starting LivrariaapiApplication using Java 21.0.8 with PID 6088 (C:\Users\luiz\Documents\spring-boot\livrariaapi\livrariaapi\target\classes started by root in C:\Users\luiz\Documents\spring-boot\livrariaapi\livrariaapi)
2026-01-18T14:33:23.519-03:00  INFO 6088 --- [livrariaapi] [main] i.g.l.l.LivrariaapiApplication           : No active profile set, falling back to 1 default profile: "default"
2026-01-18T14:33:24.504-03:00  INFO 6088 --- [livrariaapi] [main] .s.d.r.c.RepositoryConfigurationDelegate : Bootstrapping Spring Data JPA repositories in DEFAULT mode.
2026-01-18T14:33:24.582-03:00  INFO 6088 --- [livrariaapi] [main] .s.d.r.c.RepositoryConfigurationDelegate : Finished Spring Data repository scanning in 65 ms. Found 4 JPA repository interfaces.
2026-01-18T14:33:25.274-03:00  INFO 6088 --- [livrariaapi] [main] o.s.boot.tomcat.TomcatWebServer          : Tomcat initialized with port 8080 (http)
2026-01-18T14:33:25.293-03:00  INFO 6088 --- [livrariaapi] [main] o.apache.catalina.core.StandardService   : Starting service [Tomcat]
2026-01-18T14:33:25.293-03:00  INFO 6088 --- [livrariaapi] [main] o.apache.catalina.core.StandardEngine    : Starting Servlet engine: [Apache Tomcat/11.0.14]
2026-01-18T14:33:25.358-03:00  INFO 6088 --- [livrariaapi] [main] b.w.c.s.WebApplicationContextInitializer : Root WebApplicationContext: initialization completed in 1798 ms
2026-01-18T14:33:25.505-03:00  INFO 6088 --- [livrariaapi] [main] o.hibernate.jpa.internal.util.LogHelper  : HHH000204: Processing PersistenceUnitInfo [name: default]
2026-01-18T14:33:25.564-03:00  INFO 6088 --- [livrariaapi] [main] org.hibernate.Version                    : HHH000412: Hibernate ORM core version 7.1.8.Final
2026-01-18T14:33:26.014-03:00  INFO 6088 --- [livrariaapi] [main] o.s.o.j.p.SpringPersistenceUnitInfo      : No LoadTimeWeaver setup: ignoring JPA class transformer
2026-01-18T14:33:26.056-03:00  INFO 6088 --- [livrariaapi] [main] com.zaxxer.hikari.HikariDataSource       : HikariPool-1 - Starting...
2026-01-18T14:33:26.350-03:00  INFO 6088 --- [livrariaapi] [main] com.zaxxer.hikari.pool.HikariPool        : HikariPool-1 - Added connection com.mysql.cj.jdbc.ConnectionImpl@57e6d56a
2026-01-18T14:33:26.352-03:00  INFO 6088 --- [livrariaapi] [main] com.zaxxer.hikari.HikariDataSource       : HikariPool-1 - Start completed.
2026-01-18T14:33:26.397-03:00  WARN 6088 --- [livrariaapi] [main] org.hibernate.orm.deprecation            : HHH90000025: MySQLDialect does not need to be specified explicitly using 'hibernate.dialect' (remove the property setting and it will be selected by default)
2026-01-18T14:33:26.415-03:00  INFO 6088 --- [livrariaapi] [main] org.hibernate.orm.connections.pooling    : HHH10001005: Database info:
	Database JDBC URL [jdbc:mysql://localhost:3306/library?createDatabaseIfNotExist=true&serverTimezone=UTC]
	Database driver: MySQL Connector/J
	Database dialect: MySQLDialect
	Database version: 8.0.43
	Default catalog/schema: library/undefined
	Autocommit mode: undefined/unknown
	Isolation level: REPEATABLE_READ [default REPEATABLE_READ]
	JDBC fetch size: none
	Pool: DatasourceConnectionProviderImpl
	Minimum pool size: undefined/unknown
	Maximum pool size: undefined/unknown
2026-01-18T14:33:27.431-03:00  INFO 6088 --- [livrariaapi] [main] o.h.e.t.j.p.i.JtaPlatformInitiator       : HHH000489: No JTA platform available (set 'hibernate.transaction.jta.platform' to enable JTA platform integration)
2026-01-18T14:33:27.441-03:00  INFO 6088 --- [livrariaapi] [main] j.LocalContainerEntityManagerFactoryBean : Initialized JPA EntityManagerFactory for persistence unit 'default'
2026-01-18T14:33:27.525-03:00  INFO 6088 --- [livrariaapi] [main] o.s.d.j.r.query.QueryEnhancerFactories   : Hibernate is in classpath; If applicable, HQL parser will be used.
2026-01-18T14:33:28.240-03:00  WARN 6088 --- [livrariaapi] [main] JpaBaseConfiguration$JpaWebConfiguration : spring.jpa.open-in-view is enabled by default. Therefore, database queries may be performed during view rendering. Explicitly configure spring.jpa.open-in-view to disable this warning
2026-01-18T14:33:28.350-03:00  INFO 6088 --- [livrariaapi] [main] eAuthenticationProviderManagerConfigurer : Global AuthenticationManager configured with AuthenticationProvider bean with name customAuthenticationProvider
2026-01-18T14:33:29.624-03:00  WARN 6088 --- [livrariaapi] [main] o.s.s.c.a.web.builders.WebSecurity       : You are asking Spring Security to ignore PathPattern [/v2/api-docs/**]. This is not recommended -- please use permitAll via HttpSecurity#authorizeHttpRequests instead.
2026-01-18T14:33:29.625-03:00  WARN 6088 --- [livrariaapi] [main] o.s.s.c.a.web.builders.WebSecurity       : You are asking Spring Security to ignore PathPattern [/v3/api-docs/**]. This is not recommended -- please use permitAll via HttpSecurity#authorizeHttpRequests instead.
2026-01-18T14:33:29.625-03:00  WARN 6088 --- [livrariaapi] [main] o.s.s.c.a.web.builders.WebSecurity       : You are asking Spring Security to ignore PathPattern [/swagger-resources/**]. This is not recommended -- please use permitAll via HttpSecurity#authorizeHttpRequests instead.
2026-01-18T14:33:29.625-03:00  WARN 6088 --- [livrariaapi] [main] o.s.s.c.a.web.builders.WebSecurity       : You are asking Spring Security to ignore PathPattern [/swagger-ui.html]. This is not recommended -- please use permitAll via HttpSecurity#authorizeHttpRequests instead.
2026-01-18T14:33:29.625-03:00  WARN 6088 --- [livrariaapi] [main] o.s.s.c.a.web.builders.WebSecurity       : You are asking Spring Security to ignore PathPattern [/swagger-ui/**]. This is not recommended -- please use permitAll via HttpSecurity#authorizeHttpRequests instead.
2026-01-18T14:33:29.625-03:00  WARN 6088 --- [livrariaapi] [main] o.s.s.c.a.web.builders.WebSecurity       : You are asking Spring Security to ignore PathPattern [/webjars/**]. This is not recommended -- please use permitAll via HttpSecurity#authorizeHttpRequests instead.
2026-01-18T14:33:30.281-03:00  INFO 6088 --- [livrariaapi] [main] o.s.boot.tomcat.TomcatWebServer          : Tomcat started on port 8080 (http) with context path '/'
2026-01-18T14:33:30.287-03:00  INFO 6088 --- [livrariaapi] [main] i.g.l.l.LivrariaapiApplication           : Started LivrariaapiApplication in 7.294 seconds (process running for 8.032)
2026-01-18T14:33:30.291-03:00  WARN 6088 --- [livrariaapi] [main] o.s.core.events.SpringDocAppInitializer  : SpringDoc /v3/api-docs endpoint is enabled by default. To disable it in production, set the property 'springdoc.api-docs.enabled=false'
2026-01-18T14:33:30.291-03:00  WARN 6088 --- [livrariaapi] [main] o.s.core.events.SpringDocAppInitializer  : SpringDoc /swagger-ui.html endpoint is enabled by default. To disable it in production, set the property 'springdoc.swagger-ui.enabled=false'
